<?xml version="1.0" encoding="utf-8"?><testsuites name="pytest tests"><testsuite name="pytest" errors="0" failures="1" skipped="0" tests="23" time="121.754" timestamp="2026-07-13T20:22:29.762483+00:00" hostname="agent-env-38184a39-d462-495d-8247-9b4a44c829cd"><testcase classname="tests.backend_test.TestAuth" name="test_root_ok" time="0.209" /><testcase classname="tests.backend_test.TestProfileChart" name="test_profile_get_before_create" time="0.188" /><testcase classname="tests.backend_test.TestAuth" name="test_me_no_auth_401" time="0.108" /><testcase classname="tests.backend_test.TestAuth" name="test_me_with_bearer_returns_user" time="0.121" /><testcase classname="tests.backend_test.TestProfileChart" name="test_profile_upsert_and_chart" time="0.309" /><testcase classname="tests.backend_test.TestAuth" name="test_me_invalid_token_401" time="0.115" /><testcase classname="tests.backend_test.TestProfileChart" name="test_chart_full_shape" time="0.102" /><testcase classname="tests.backend_test.TestAuth" name="test_protected_endpoints_all_401_without_auth" time="0.620" /><testcase classname="tests.backend_test.TestProfileChart" name="test_transits_with_natal" time="0.136" /><testcase classname="tests.backend_test.TestUserScoping" name="test_b_cannot_read_a_profile" time="0.111" /><testcase classname="tests.backend_test.TestUserScoping" name="test_b_cannot_see_a_thread" time="0.808" /><testcase classname="tests.backend_test.TestLibrary" name="test_books_list_seed_shape" time="0.101" /><testcase classname="tests.backend_test.TestLibrary" name="test_delete_seed_returns_400" time="0.120" /><testcase classname="tests.backend_test.TestLibrary" name="test_upload_custom_pdf_appears_in_custom" time="0.898" /><testcase classname="tests.backend_test.TestManualRename" name="test_rename_persists" time="0.444" /><testcase classname="tests.backend_test.TestManualRename" name="test_rename_missing_404" time="0.124" /><testcase classname="tests.backend_test.TestAutoName" name="test_first_message_renames_thread" time="21.324" /><testcase classname="tests.backend_test.TestScopeRegexTightened" name="test_in_and_per_no_longer_trigger_scope" time="66.245" /><testcase classname="tests.backend_test.TestBookScoping" name="test_scoped_msg_emits_scope_event_then_followup_does_not" time="55.720" /><testcase classname="tests.backend_test.TestScopeRegexTightened" name="test_as_per_still_triggers_scope" time="0.621" /><testcase classname="tests.backend_test.TestBM25TinyPool" name="test_scoped_search_returns_results_from_tiny_book" time="50.986" /><testcase classname="tests.backend_test.TestChatSSE" name="test_chat_streams_citations_deltas_done" time="23.813" /><testcase classname="tests.backend_test.TestPersistOnDisconnect" name="test_assistant_msg_persists_when_client_aborts_mid_stream" time="17.733"><failure message="AssertionError: FIX (c) failed: assistant message was NOT persisted after client disconnected mid-stream&#10;assert None is not None">tests/backend_test.py:502: in test_assistant_msg_persists_when_client_aborts_mid_stream
    assert persisted is not None, (
E   AssertionError: FIX (c) failed: assistant message was NOT persisted after client disconnected mid-stream
E   assert None is not None</failure></testcase></testsuite></testsuites>