<?xml version="1.0" encoding="utf-8"?><testsuites name="pytest tests"><testsuite name="pytest" errors="0" failures="0" skipped="0" tests="23" time="61.543" timestamp="2026-07-13T16:19:51.681928+00:00" hostname="agent-env-38184a39-d462-495d-8247-9b4a44c829cd"><testcase classname="tests.backend_test.TestThreads" name="test_create_thread" time="0.217" /><testcase classname="tests.backend_test.TestThreads" name="test_list_threads_contains_new" time="0.143" /><testcase classname="tests.backend_test.TestChartEnriched" name="test_ascendant_shape" time="0.247" /><testcase classname="tests.backend_test.TestChartEnriched" name="test_current_dasha_and_antardasha" time="0.000" /><testcase classname="tests.backend_test.TestChartEnriched" name="test_house_lords_12" time="0.000" /><testcase classname="tests.backend_test.TestChartEnriched" name="test_navamsa_present" time="0.000" /><testcase classname="tests.backend_test.TestChartEnriched" name="test_yogas_list" time="0.000" /><testcase classname="tests.backend_test.TestChatSSE" name="test_chat_career_question_chart_aware" time="28.939" /><testcase classname="tests.backend_test.TestThreads" name="test_rename_thread_persists" time="0.390" /><testcase classname="tests.backend_test.TestThreads" name="test_rename_missing_thread_404" time="0.155" /><testcase classname="tests.backend_test.TestThreads" name="test_delete_thread_removes_and_cascades_messages" time="0.472" /><testcase classname="tests.backend_test.TestThreads" name="test_cleanup_rename_thread" time="0.117" /><testcase classname="tests.backend_test.TestAttachments" name="test_upload_png_and_fetch" time="0.216" /><testcase classname="tests.backend_test.TestAttachments" name="test_upload_rejects_non_image" time="0.099" /><testcase classname="tests.backend_test.TestAttachments" name="test_serve_missing_attachment_404" time="0.111" /><testcase classname="tests.backend_test.TestHealth" name="test_root_ok" time="0.103" /><testcase classname="tests.backend_test.TestHealth" name="test_seed_profile_exists" time="0.114" /><testcase classname="tests.backend_test.TestTransits" name="test_transits_with_profile_id_has_houses" time="0.194" /><testcase classname="tests.backend_test.TestTransits" name="test_transits_without_profile_id_ok" time="0.207" /><testcase classname="tests.backend_test.TestLogicBlock" name="test_chat_reply_contains_logic_and_is_plain" time="27.122" /><testcase classname="tests.backend_test.TestChatSSE" name="test_conversation_memory_followup" time="30.588" /><testcase classname="tests.backend_test.TestLogicBlock" name="test_history_persists_logic_and_answer_fields" time="1.121" /><testcase classname="tests.backend_test.TestChatSSE" name="test_history_persisted" time="1.225" /></testsuite></testsuites>